<?xml version="1.0" encoding="UTF-8"?>
<!-- Generated by org.testng.reporters.JUnitXMLReporter -->
<testsuite hostname="DESKTOP-95O0H65" ignored="0" name="chromeTest" tests="5" failures="0" timestamp="2019-09-30T16:13:38 IST" time="124.375" errors="0">
  <testcase name="createlead" time="11.052" classname="testcases.CreateLead"/>
  <testcase name="createlead" time="7.839" classname="testcases.CreateLead"/>
  <testcase name="createlead" time="9.078" classname="testcases.CreateLead"/>
  <testcase name="createlead" time="6.944" classname="testcases.CreateLead"/>
  <testcase name="createlead" time="9.386" classname="testcases.CreateLead"/>
</testsuite> <!-- chromeTest -->
