<?xml version="1.0" encoding="UTF-8"?>
<!-- Generated by org.testng.reporters.JUnitXMLReporter -->
<testsuite hostname="DESKTOP-95O0H65" ignored="0" name="firefoxTest" tests="5" failures="0" timestamp="2019-09-30T16:15:53 IST" time="134.422" errors="0">
  <testcase name="createlead" time="10.872" classname="testcases.CreateLead"/>
  <testcase name="createlead" time="8.57" classname="testcases.CreateLead"/>
  <testcase name="createlead" time="11.202" classname="testcases.CreateLead"/>
  <testcase name="createlead" time="10.824" classname="testcases.CreateLead"/>
  <testcase name="createlead" time="8.757" classname="testcases.CreateLead"/>
</testsuite> <!-- firefoxTest -->
