<?xml version="1.0" encoding="UTF-8"?>
<!-- Generated by org.testng.reporters.JUnitXMLReporter -->
<testsuite hostname="DESKTOP-95O0H65" ignored="0" name="Test" tests="2" failures="0" timestamp="2019-10-05T12:48:46 IST" time="0.615" errors="0">
  <testcase name="@BeforeMethod startup" time="-1.570259926942E9" classname="projectspecificMethods.ProjectSpecificMethods">
    <failure type="org.testng.TestNGException" message="
Parameter &amp;apos;browser&amp;apos; is required by BeforeMethod on method startup but has not been marked @Optional or defined
in C:\Users\Vidhyananth\eclipse-workspace\POM\testng_01.xml">
      <![CDATA[org.testng.TestNGException: 
Parameter 'browser' is required by BeforeMethod on method startup but has not been marked @Optional or defined
in C:\Users\Vidhyananth\eclipse-workspace\POM\testng_01.xml
... Removed 25 stack frames]]>
    </failure>
  </testcase> <!-- @BeforeMethod startup -->
  <testcase name="@AfterMethod teardown" time="-1.570259926958E9" classname="projectspecificMethods.ProjectSpecificMethods">
    <skipped/>
  </testcase> <!-- @AfterMethod teardown -->
  <testcase name="@BeforeMethod startup" time="-1.57025992696E9" classname="projectspecificMethods.ProjectSpecificMethods">
    <skipped/>
  </testcase> <!-- @BeforeMethod startup -->
  <testcase name="@AfterMethod teardown" time="-1.570259926966E9" classname="projectspecificMethods.ProjectSpecificMethods">
    <skipped/>
  </testcase> <!-- @AfterMethod teardown -->
  <testcase name="editlead" time="0.0" classname="testcases.EditLead">
    <skipped/>
  </testcase> <!-- editlead -->
  <testcase name="editlead" time="0.0" classname="testcases.EditLead">
    <skipped/>
  </testcase> <!-- editlead -->
</testsuite> <!-- Test -->
