<?xml version="1.0" encoding="UTF-8"?>
<testng-results skipped="0" failed="0" ignored="0" total="4" passed="4">
  <reporter-output>
  </reporter-output>
  <suite name="Suite" duration-ms="86948" started-at="2019-10-05T12:59:33 IST" finished-at="2019-10-05T13:01:00 IST">
    <groups>
    </groups>
    <test name="chrome" duration-ms="46969" started-at="2019-10-05T12:59:33 IST" finished-at="2019-10-05T13:00:20 IST">
      <class name="testcases.EditLead">
        <test-method status="PASS" signature="setData()[pri:0, instance:testcases.EditLead@4b4523f8]" name="setData" is-config="true" duration-ms="20" started-at="2019-10-05T12:59:33 IST" finished-at="2019-10-05T12:59:33 IST">
          <reporter-output>
          </reporter-output>
        </test-method> <!-- setData -->
        <test-method status="PASS" signature="startup(java.lang.String, java.lang.String)[pri:0, instance:testcases.EditLead@4b4523f8]" name="startup" is-config="true" duration-ms="10646" started-at="2019-10-05T12:59:33 IST" finished-at="2019-10-05T12:59:44 IST">
          <params>
            <param index="0">
              <value>
                <![CDATA[chrome]]>
              </value>
            </param>
            <param index="1">
              <value>
                <![CDATA[http://leaftaps.com/opentaps/control/main]]>
              </value>
            </param>
          </params>
          <reporter-output>
          </reporter-output>
        </test-method> <!-- startup -->
        <test-method status="PASS" signature="editlead(java.lang.String, java.lang.String, java.lang.String, java.lang.String)[pri:0, instance:testcases.EditLead@4b4523f8]" name="editlead" duration-ms="8671" started-at="2019-10-05T12:59:44 IST" data-provider="fetchData" finished-at="2019-10-05T12:59:53 IST">
          <params>
            <param index="0">
              <value>
                <![CDATA[demosalesmanager]]>
              </value>
            </param>
            <param index="1">
              <value>
                <![CDATA[crmsfa]]>
              </value>
            </param>
            <param index="2">
              <value>
                <![CDATA[Maha]]>
              </value>
            </param>
            <param index="3">
              <value>
                <![CDATA[Company01]]>
              </value>
            </param>
          </params>
          <reporter-output>
          </reporter-output>
        </test-method> <!-- editlead -->
        <test-method status="PASS" signature="teardown()[pri:0, instance:testcases.EditLead@4b4523f8]" name="teardown" is-config="true" duration-ms="4172" started-at="2019-10-05T12:59:53 IST" finished-at="2019-10-05T12:59:57 IST">
          <reporter-output>
          </reporter-output>
        </test-method> <!-- teardown -->
        <test-method status="PASS" signature="startup(java.lang.String, java.lang.String)[pri:0, instance:testcases.EditLead@4b4523f8]" name="startup" is-config="true" duration-ms="10093" started-at="2019-10-05T12:59:57 IST" finished-at="2019-10-05T13:00:07 IST">
          <params>
            <param index="0">
              <value>
                <![CDATA[chrome]]>
              </value>
            </param>
            <param index="1">
              <value>
                <![CDATA[http://leaftaps.com/opentaps/control/main]]>
              </value>
            </param>
          </params>
          <reporter-output>
          </reporter-output>
        </test-method> <!-- startup -->
        <test-method status="PASS" signature="editlead(java.lang.String, java.lang.String, java.lang.String, java.lang.String)[pri:0, instance:testcases.EditLead@4b4523f8]" name="editlead" duration-ms="8597" started-at="2019-10-05T13:00:07 IST" data-provider="fetchData" finished-at="2019-10-05T13:00:16 IST">
          <params>
            <param index="0">
              <value>
                <![CDATA[demosalesmanager]]>
              </value>
            </param>
            <param index="1">
              <value>
                <![CDATA[crmsfa]]>
              </value>
            </param>
            <param index="2">
              <value>
                <![CDATA[Naga]]>
              </value>
            </param>
            <param index="3">
              <value>
                <![CDATA[Company02]]>
              </value>
            </param>
          </params>
          <reporter-output>
          </reporter-output>
        </test-method> <!-- editlead -->
        <test-method status="PASS" signature="teardown()[pri:0, instance:testcases.EditLead@4b4523f8]" name="teardown" is-config="true" duration-ms="4144" started-at="2019-10-05T13:00:16 IST" finished-at="2019-10-05T13:00:20 IST">
          <reporter-output>
          </reporter-output>
        </test-method> <!-- teardown -->
      </class> <!-- testcases.EditLead -->
    </test> <!-- chrome -->
    <test name="firefox" duration-ms="39950" started-at="2019-10-05T13:00:20 IST" finished-at="2019-10-05T13:01:00 IST">
      <class name="testcases.EditLead">
        <test-method status="PASS" signature="setData()[pri:0, instance:testcases.EditLead@49fc609f]" name="setData" is-config="true" duration-ms="0" started-at="2019-10-05T13:00:20 IST" finished-at="2019-10-05T13:00:20 IST">
          <reporter-output>
          </reporter-output>
        </test-method> <!-- setData -->
        <test-method status="PASS" signature="startup(java.lang.String, java.lang.String)[pri:0, instance:testcases.EditLead@49fc609f]" name="startup" is-config="true" duration-ms="7586" started-at="2019-10-05T13:00:20 IST" finished-at="2019-10-05T13:00:27 IST">
          <params>
            <param index="0">
              <value>
                <![CDATA[firefox]]>
              </value>
            </param>
            <param index="1">
              <value>
                <![CDATA[http://leaftaps.com/opentaps/control/main]]>
              </value>
            </param>
          </params>
          <reporter-output>
          </reporter-output>
        </test-method> <!-- startup -->
        <test-method status="PASS" signature="editlead(java.lang.String, java.lang.String, java.lang.String, java.lang.String)[pri:0, instance:testcases.EditLead@49fc609f]" name="editlead" duration-ms="10239" started-at="2019-10-05T13:00:27 IST" data-provider="fetchData" finished-at="2019-10-05T13:00:38 IST">
          <params>
            <param index="0">
              <value>
                <![CDATA[demosalesmanager]]>
              </value>
            </param>
            <param index="1">
              <value>
                <![CDATA[crmsfa]]>
              </value>
            </param>
            <param index="2">
              <value>
                <![CDATA[Maha]]>
              </value>
            </param>
            <param index="3">
              <value>
                <![CDATA[Company01]]>
              </value>
            </param>
          </params>
          <reporter-output>
          </reporter-output>
        </test-method> <!-- editlead -->
        <test-method status="PASS" signature="teardown()[pri:0, instance:testcases.EditLead@49fc609f]" name="teardown" is-config="true" duration-ms="3009" started-at="2019-10-05T13:00:38 IST" finished-at="2019-10-05T13:00:41 IST">
          <reporter-output>
          </reporter-output>
        </test-method> <!-- teardown -->
        <test-method status="PASS" signature="startup(java.lang.String, java.lang.String)[pri:0, instance:testcases.EditLead@49fc609f]" name="startup" is-config="true" duration-ms="5887" started-at="2019-10-05T13:00:41 IST" finished-at="2019-10-05T13:00:47 IST">
          <params>
            <param index="0">
              <value>
                <![CDATA[firefox]]>
              </value>
            </param>
            <param index="1">
              <value>
                <![CDATA[http://leaftaps.com/opentaps/control/main]]>
              </value>
            </param>
          </params>
          <reporter-output>
          </reporter-output>
        </test-method> <!-- startup -->
        <test-method status="PASS" signature="editlead(java.lang.String, java.lang.String, java.lang.String, java.lang.String)[pri:0, instance:testcases.EditLead@49fc609f]" name="editlead" duration-ms="10565" started-at="2019-10-05T13:00:47 IST" data-provider="fetchData" finished-at="2019-10-05T13:00:57 IST">
          <params>
            <param index="0">
              <value>
                <![CDATA[demosalesmanager]]>
              </value>
            </param>
            <param index="1">
              <value>
                <![CDATA[crmsfa]]>
              </value>
            </param>
            <param index="2">
              <value>
                <![CDATA[Naga]]>
              </value>
            </param>
            <param index="3">
              <value>
                <![CDATA[Company02]]>
              </value>
            </param>
          </params>
          <reporter-output>
          </reporter-output>
        </test-method> <!-- editlead -->
        <test-method status="PASS" signature="teardown()[pri:0, instance:testcases.EditLead@49fc609f]" name="teardown" is-config="true" duration-ms="2619" started-at="2019-10-05T13:00:57 IST" finished-at="2019-10-05T13:01:00 IST">
          <reporter-output>
          </reporter-output>
        </test-method> <!-- teardown -->
      </class> <!-- testcases.EditLead -->
    </test> <!-- firefox -->
  </suite> <!-- Suite -->
</testng-results>
